<?xml version="1.0" encoding="utf-8"?><testsuites name="pytest tests"><testsuite name="pytest" errors="0" failures="0" skipped="0" tests="13" time="5.111" timestamp="2026-08-20T14:42:54.714832+00:00" hostname="agent-env-d223a1b7-fb80-439c-80cf-d4b06081fb37"><testcase classname="tests.test_backup.TestCron" name="test_cron_no_token" time="0.166" /><testcase classname="tests.test_backup.TestCron" name="test_cron_wrong_token" time="0.271" /><testcase classname="tests.test_backup.TestImport" name="test_import_roundtrip" time="0.934" /><testcase classname="tests.test_backup.TestImport" name="test_import_non_gzip" time="0.109" /><testcase classname="tests.test_backup.TestCron" name="test_cron_valid_token_creates_row" time="3.994" /><testcase classname="tests.test_backup.TestImport" name="test_import_wrong_app" time="0.106" /><testcase classname="tests.test_backup.TestImport" name="test_import_corrupt_json_inside_gzip" time="0.062" /><testcase classname="tests.test_backup.TestImport" name="test_import_bad_collections_section" time="0.354" /><testcase classname="tests.test_backup.TestCloud" name="test_cloud_lifecycle" time="1.182" /><testcase classname="tests.test_backup.TestCloud" name="test_unknown_id_404" time="0.191" /><testcase classname="tests.test_backup.TestOwnerGuard" name="test_staff_forbidden_everywhere" time="1.075" /><testcase classname="tests.test_backup.TestExport" name="test_export_headers_and_payload" time="0.081" /><testcase classname="tests.test_backup.TestExport" name="test_export_unauthenticated" time="0.275" /></testsuite></testsuites>