<?xml version="1.0" encoding="utf-8"?><testsuites name="pytest tests"><testsuite name="pytest" errors="0" failures="0" skipped="0" tests="5" time="1.674" timestamp="2026-08-20T09:40:52.254806+00:00" hostname="agent-env-d223a1b7-fb80-439c-80cf-d4b06081fb37"><testcase classname="tests.test_iteration4.TestRepairTotalsPersistence" name="test_labor_change_persists_grand_total_everywhere" time="1.345" /><testcase classname="tests.test_iteration4.TestProfitDateValidation" name="test_bad_dates_return_400[params0]" time="0.870" /><testcase classname="tests.test_iteration4.TestProfitDateValidation" name="test_bad_dates_return_400[params1]" time="0.111" /><testcase classname="tests.test_iteration4.TestProfitDateValidation" name="test_bad_dates_return_400[params2]" time="0.071" /><testcase classname="tests.test_iteration4.TestProfitDateValidation" name="test_valid_dates_still_200" time="0.068" /></testsuite></testsuites>