<?xml version="1.0" encoding="utf-8"?><testsuites name="pytest tests"><testsuite name="pytest" errors="0" failures="0" skipped="0" tests="5" time="6.688" timestamp="2026-08-22T22:18:57.692868+00:00" hostname="agent-env-d223a1b7-fb80-439c-80cf-d4b06081fb37"><testcase classname="tests.test_iteration13.TestOcrDeliveryNote" name="test_ocr_extracts_all_fields" time="6.307" /><testcase classname="tests.test_iteration13.TestOcrErrors" name="test_empty_image_400" time="2.449" /><testcase classname="tests.test_iteration13.TestOcrErrors" name="test_no_auth_401" time="0.149" /><testcase classname="tests.test_iteration13.TestScanDeliveryRegression" name="test_typed_slip_matches_card" time="0.058" /><testcase classname="tests.test_iteration13.TestSpecialPartsRegression" name="test_e142_has_special_part" time="0.047" /></testsuite></testsuites>