<?xml version="1.0" encoding="utf-8"?><testsuites name="pytest tests"><testsuite name="pytest" errors="0" failures="0" skipped="0" tests="19" time="21.736" timestamp="2026-08-27T17:26:24.598647+00:00" hostname="agent-env-d223a1b7-fb80-439c-80cf-d4b06081fb37"><testcase classname="tests.test_iteration19_invoice_scan.TestScanUpload" name="test_response_shape" time="11.997" /><testcase classname="tests.test_iteration19_invoice_scan.TestScanUpload" name="test_items_parsed" time="0.000" /><testcase classname="tests.test_iteration19_invoice_scan.TestScanUpload" name="test_empty_file_rejected" time="0.205" /><testcase classname="tests.test_iteration19_invoice_scan.TestScanUpload" name="test_unsupported_type_rejected" time="0.185" /><testcase classname="tests.test_iteration19_invoice_scan.TestScanUpload" name="test_requires_auth" time="0.170" /><testcase classname="tests.test_iteration19_invoice_scan.TestSessionListings" name="test_list_sessions_contains_new" time="0.176" /><testcase classname="tests.test_iteration19_invoice_scan.TestSessionListings" name="test_get_session_detail" time="0.237" /><testcase classname="tests.test_iteration19_invoice_scan.TestSessionListings" name="test_get_session_404" time="0.172" /><testcase classname="tests.test_iteration19_invoice_scan.TestSessionListings" name="test_waiting_list_is_list" time="0.193" /><testcase classname="tests.test_iteration19_invoice_scan.TestPatchItem" name="test_edit_fields" time="0.535" /><testcase classname="tests.test_iteration19_invoice_scan.TestPatchItem" name="test_barcode_rematch_to_update" time="0.442" /><testcase classname="tests.test_iteration19_invoice_scan.TestPatchItem" name="test_patch_unknown_item_404" time="0.145" /><testcase classname="tests.test_iteration19_invoice_scan.TestEnterFlows" name="test_enter_new_creates_inventory_and_transaction" time="1.250" /><testcase classname="tests.test_iteration19_invoice_scan.TestEnterFlows" name="test_enter_existing_barcode_bumps_quantity" time="0.920" /><testcase classname="tests.test_iteration19_invoice_scan.TestEnterFlows" name="test_enter_already_handled_rejected" time="0.158" /><testcase classname="tests.test_iteration19_invoice_scan.TestEnterFlows" name="test_partial_delivery_flow" time="1.460" /><testcase classname="tests.test_iteration19_invoice_scan.TestEnterFlows" name="test_enter_zero_qty_rejected" time="0.186" /><testcase classname="tests.test_iteration19_invoice_scan.TestWaitDelete" name="test_wait_then_delete" time="1.181" /><testcase classname="tests.test_iteration19_invoice_scan.TestTenantIsolation" name="test_session_not_visible_in_other_tenant" time="2.055" /></testsuite></testsuites>