<?xml version="1.0" encoding="utf-8"?><testsuites name="pytest tests"><testsuite name="pytest" errors="0" failures="2" skipped="0" tests="19" time="4.070" timestamp="2026-08-20T09:34:13.675456+00:00" hostname="agent-env-d223a1b7-fb80-439c-80cf-d4b06081fb37"><testcase classname="tests.test_iteration3.TestProfitReport" name="test_profit_report_structure_and_math" time="0.753" /><testcase classname="tests.test_iteration3.TestPurchaseOrders" name="test_suggest_returns_low_stock_groups" time="0.750" /><testcase classname="tests.test_iteration3.TestPurchaseOrders" name="test_po_lifecycle_draft_send_receive" time="0.963" /><testcase classname="tests.test_iteration3.TestProfitReport" name="test_profit_report_defaults_no_params" time="0.053" /><testcase classname="tests.test_iteration3.TestProfitReport" name="test_profit_report_empty_range" time="0.096" /><testcase classname="tests.test_iteration3.TestProfitReport" name="test_profit_report_bad_date_format" time="0.054"><failure message="AssertionError: expected 4xx for bad date, got 500: Internal Server Error&#10;assert 500 in (400, 422)&#10; +  where 500 = &lt;Response [500]&gt;.status_code">tests/test_iteration3.py:231: in test_profit_report_bad_date_format
    assert r.status_code in (400, 422), f"expected 4xx for bad date, got {r.status_code}: {r.text[:200]}"
E   AssertionError: expected 4xx for bad date, got 500: Internal Server Error
E   assert 500 in (400, 422)
E    +  where 500 = &lt;Response [500]&gt;.status_code</failure></testcase><testcase classname="tests.test_iteration3.TestProfitReport" name="test_staff_can_view_profit" time="0.514" /><testcase classname="tests.test_iteration3.TestRepairCards" name="test_repair_full_lifecycle" time="0.797"><failure message="AssertionError: grand_total not persisted after labor update: 50.0&#10;assert 50.0 == 80.0">tests/test_iteration3.py:288: in test_repair_full_lifecycle
    assert fresh["grand_total"] == 80.0, (
E   AssertionError: grand_total not persisted after labor update: 50.0
E   assert 50.0 == 80.0</failure></testcase><testcase classname="tests.test_iteration3.TestPurchaseOrders" name="test_po_404_on_unknown" time="0.144" /><testcase classname="tests.test_iteration3.TestPurchaseOrders" name="test_po_validation_rejects_zero_qty" time="0.050" /><testcase classname="tests.test_iteration3.TestPurchaseOrders" name="test_staff_cannot_create_or_receive" time="0.845" /><testcase classname="tests.test_iteration3.TestRepairCards" name="test_repair_unknown_404" time="0.299" /><testcase classname="tests.test_iteration3.TestRepairCards" name="test_repair_part_unknown_item_404" time="0.203" /><testcase classname="tests.test_iteration3.TestPurchaseOrders" name="test_unauthenticated_blocked" time="0.123" /><testcase classname="tests.test_iteration3.TestRepairCards" name="test_repair_list_status_filter" time="0.162" /><testcase classname="tests.test_iteration3.TestRepairCards" name="test_staff_can_manage_cards_but_not_delete" time="0.351" /><testcase classname="tests.test_iteration3.TestInvoices" name="test_invoice_from_transactions" time="0.649" /><testcase classname="tests.test_iteration3.TestInvoices" name="test_invoice_empty_txn_ids_400" time="0.052" /><testcase classname="tests.test_iteration3.TestInvoices" name="test_mark_paid_unknown_404" time="0.155" /></testsuite></testsuites>