<?xml version="1.0" encoding="utf-8"?><testsuites name="pytest tests"><testsuite name="pytest" errors="0" failures="1" skipped="0" tests="12" time="4.386" timestamp="2026-08-20T10:31:17.447228+00:00" hostname="agent-env-d223a1b7-fb80-439c-80cf-d4b06081fb37"><testcase classname="tests.test_iteration5.TestPaymentMethodsList" name="test_defaults_seeded_with_balance" time="0.730" /><testcase classname="tests.test_iteration5.TestPaymentMethodsList" name="test_requires_auth" time="0.111" /><testcase classname="tests.test_iteration5.TestPaymentMethodsList" name="test_summary_total_matches_sum" time="0.241" /><testcase classname="tests.test_iteration5.TestEntriesAndStatement" name="test_manual_entries_and_statement" time="0.540" /><testcase classname="tests.test_iteration5.TestPaymentMethodCRUD" name="test_create_update_delete_and_rbac" time="2.104" /><testcase classname="tests.test_iteration5.TestEntriesAndStatement" name="test_entry_validation" time="0.254" /><testcase classname="tests.test_iteration5.TestEntriesAndStatement" name="test_statement_unknown_method_404" time="0.054" /><testcase classname="tests.test_iteration5.TestPaymentMethodCRUD" name="test_update_unknown_id_404" time="0.062" /><testcase classname="tests.test_iteration5.TestInvoicePayment" name="test_mark_paid_logs_in_entry" time="0.840" /><testcase classname="tests.test_iteration5.TestPaymentMethodCRUD" name="test_invalid_type_rejected" time="0.055" /><testcase classname="tests.test_iteration5.TestInvoicePayment" name="test_mark_paid_bad_method_404" time="0.271" /><testcase classname="tests.test_iteration5.TestPOReceive" name="test_receive_logs_out_entry_and_updates_inventory" time="0.960"><failure message="AssertionError: assert None == 'Bank Transfer'&#10; +  where None = &lt;built-in method get of dict object at 0xfc8396324640&gt;('payment_method_name')&#10; +    where &lt;built-in method get of dict object at 0xfc8396324640&gt; = {'id': '981ebb3f-e225-4407-b1fe-df80af3934c2', 'po_number': 'PO-260820-5727', 'supplier_id': '4f20ddc1-99c3-45e0-8d82-2a266be5cdc8', 'supplier_name': 'TEST_PM Supplier', ...}.get">tests/test_iteration5.py:324: in test_receive_logs_out_entry_and_updates_inventory
    assert mine.get("payment_method_name") == "Bank Transfer"
E   AssertionError: assert None == 'Bank Transfer'
E    +  where None = &lt;built-in method get of dict object at 0xfc8396324640&gt;('payment_method_name')
E    +    where &lt;built-in method get of dict object at 0xfc8396324640&gt; = {'id': '981ebb3f-e225-4407-b1fe-df80af3934c2', 'po_number': 'PO-260820-5727', 'supplier_id': '4f20ddc1-99c3-45e0-8d82-2a266be5cdc8', 'supplier_name': 'TEST_PM Supplier', ...}.get</failure></testcase></testsuite></testsuites>