<?xml version="1.0" encoding="utf-8"?><testsuites name="pytest tests"><testsuite name="pytest" errors="0" failures="1" skipped="1" tests="37" time="11.920" timestamp="2026-08-26T14:18:22.924072+00:00" hostname="agent-env-d223a1b7-fb80-439c-80cf-d4b06081fb37"><testcase classname="tests.test_iteration16_permissions.TestOwnerBypass" name="test_owner_gets[/inventory]" time="0.795" /><testcase classname="tests.test_iteration16_permissions.TestWarehouseOnlyStaff" name="test_inventory_view_allowed" time="0.997" /><testcase classname="tests.test_iteration16_permissions.TestOwnerBypass" name="test_owner_gets[/repairs]" time="0.181" /><testcase classname="tests.test_iteration16_permissions.TestOwnerBypass" name="test_owner_gets[/customers]" time="0.152" /><testcase classname="tests.test_iteration16_permissions.TestWarehouseOnlyStaff" name="test_forbidden_gets[/repairs]" time="0.203" /><testcase classname="tests.test_iteration16_permissions.TestOwnerBypass" name="test_owner_gets[/invoices]" time="0.154" /><testcase classname="tests.test_iteration16_permissions.TestWarehouseOnlyStaff" name="test_forbidden_gets[/customers]" time="0.169" /><testcase classname="tests.test_iteration16_permissions.TestOwnerBypass" name="test_owner_gets[/dashboard/summary]" time="0.152" /><testcase classname="tests.test_iteration16_permissions.TestWarehouseOnlyStaff" name="test_forbidden_gets[/invoices]" time="0.184" /><testcase classname="tests.test_iteration16_permissions.TestOwnerBypass" name="test_owner_gets[/suppliers]" time="0.155" /><testcase classname="tests.test_iteration16_permissions.TestWarehouseOnlyStaff" name="test_forbidden_gets[/dashboard/summary]" time="0.198" /><testcase classname="tests.test_iteration16_permissions.TestOwnerBypass" name="test_owner_gets[/appointments]" time="0.232" /><testcase classname="tests.test_iteration16_permissions.TestWarehouseOnlyStaff" name="test_forbidden_gets[/suppliers]" time="0.122" /><testcase classname="tests.test_iteration16_permissions.TestOwnerBypass" name="test_owner_gets[/ledger]" time="0.189" /><testcase classname="tests.test_iteration16_permissions.TestWarehouseOnlyStaff" name="test_forbidden_gets[/appointments]" time="0.190" /><testcase classname="tests.test_iteration16_permissions.TestOwnerBypass" name="test_owner_gets[/reports/profit]" time="0.144" /><testcase classname="tests.test_iteration16_permissions.TestWarehouseOnlyStaff" name="test_forbidden_gets[/ledger]" time="0.166" /><testcase classname="tests.test_iteration16_permissions.TestOwnerBypass" name="test_owner_gets[/reports/movement]" time="0.188" /><testcase classname="tests.test_iteration16_permissions.TestWarehouseOnlyStaff" name="test_forbidden_gets[/reports/profit]" time="0.128" /><testcase classname="tests.test_iteration16_permissions.TestOwnerBypass" name="test_owner_gets[/parts-catalog]" time="0.146" /><testcase classname="tests.test_iteration16_permissions.TestWarehouseOnlyStaff" name="test_forbidden_gets[/reports/movement]" time="0.162" /><testcase classname="tests.test_iteration16_permissions.TestOwnerBypass" name="test_owner_gets[/payment-methods]" time="0.205" /><testcase classname="tests.test_iteration16_permissions.TestWarehouseOnlyStaff" name="test_forbidden_gets[/parts-catalog]" time="0.239" /><testcase classname="tests.test_iteration16_permissions.TestOwnerBypass" name="test_owner_gets[/payment-entries]" time="0.150" /><testcase classname="tests.test_iteration16_permissions.TestWarehouseOnlyStaff" name="test_forbidden_gets[/payment-methods]" time="0.167" /><testcase classname="tests.test_iteration16_permissions.TestOwnerBypass" name="test_owner_gets[/bay-board]" time="0.178" /><testcase classname="tests.test_iteration16_permissions.TestWarehouseOnlyStaff" name="test_forbidden_gets[/payment-entries]" time="0.266" /><testcase classname="tests.test_iteration16_permissions.TestWarehouseOnlyStaff" name="test_forbidden_gets[/bay-board]" time="0.289" /><testcase classname="tests.test_iteration16_permissions.TestSuperAdmin" name="test_tenants" time="0.669" /><testcase classname="tests.test_iteration16_permissions.TestWarehouseOnlyStaff" name="test_forbidden_writes" time="0.568" /><testcase classname="tests.test_iteration16_permissions.TestSuperAdmin" name="test_super_admin_impersonation_data_access" time="0.495"><failure message="AssertionError: impersonating super_admin got 403 on /inventory: {&quot;detail&quot;:&quot;Missing permission: inventory.view&quot;}&#10;assert 403 == 200&#10; +  where 403 = &lt;Response [403]&gt;.status_code">tests/test_iteration16_permissions.py:127: in test_super_admin_impersonation_data_access
    assert g.status_code == 200, f"impersonating super_admin got {g.status_code} on /inventory: {g.text[:200]}"
E   AssertionError: impersonating super_admin got 403 on /inventory: {"detail":"Missing permission: inventory.view"}
E   assert 403 == 200
E    +  where 403 = &lt;Response [403]&gt;.status_code</failure></testcase><testcase classname="tests.test_iteration16_permissions.TestGranularInventoryStaff" name="test_view_edit_no_delete" time="1.878" /><testcase classname="tests.test_iteration16_permissions.TestPotentialLeaks" name="test_settings_accessible_to_any_user" time="0.689" /><testcase classname="tests.test_iteration16_permissions.TestPotentialLeaks" name="test_vehicle_passport_token_not_gated" time="0.429"><skipped type="pytest.skip" message="no vehicles">/app/backend/tests/test_iteration16_permissions.py:252: no vehicles</skipped></testcase><testcase classname="tests.test_iteration16_permissions.TestOwnerRegressionFlow" name="test_full_flow" time="2.453" /><testcase classname="tests.test_iteration16_permissions.TestGranularCustomerStaff" name="test_view_edit_no_delete" time="1.788" /><testcase classname="tests.test_iteration16_permissions.TestGranularRepairStaff" name="test_repairs_scopes" time="3.789" /></testsuite></testsuites>