<?xml version="1.0" encoding="utf-8"?><testsuites name="pytest tests"><testsuite name="pytest" errors="0" failures="0" skipped="0" tests="19" time="4.366" timestamp="2026-08-20T09:40:22.478970+00:00" hostname="agent-env-d223a1b7-fb80-439c-80cf-d4b06081fb37"><testcase classname="tests.test_iteration3.TestPurchaseOrders" name="test_suggest_returns_low_stock_groups" time="0.677" /><testcase classname="tests.test_iteration3.TestPurchaseOrders" name="test_po_lifecycle_draft_send_receive" time="0.614" /><testcase classname="tests.test_iteration3.TestProfitReport" name="test_profit_report_structure_and_math" time="1.004" /><testcase classname="tests.test_iteration3.TestProfitReport" name="test_profit_report_defaults_no_params" time="0.053" /><testcase classname="tests.test_iteration3.TestProfitReport" name="test_profit_report_empty_range" time="0.095" /><testcase classname="tests.test_iteration3.TestProfitReport" name="test_profit_report_bad_date_format" time="0.088" /><testcase classname="tests.test_iteration3.TestPurchaseOrders" name="test_po_404_on_unknown" time="0.314" /><testcase classname="tests.test_iteration3.TestProfitReport" name="test_staff_can_view_profit" time="0.459" /><testcase classname="tests.test_iteration3.TestPurchaseOrders" name="test_po_validation_rejects_zero_qty" time="0.042" /><testcase classname="tests.test_iteration3.TestRepairCards" name="test_repair_full_lifecycle" time="1.502" /><testcase classname="tests.test_iteration3.TestPurchaseOrders" name="test_staff_cannot_create_or_receive" time="0.709" /><testcase classname="tests.test_iteration3.TestPurchaseOrders" name="test_unauthenticated_blocked" time="0.146" /><testcase classname="tests.test_iteration3.TestInvoices" name="test_invoice_from_transactions" time="0.493" /><testcase classname="tests.test_iteration3.TestInvoices" name="test_invoice_empty_txn_ids_400" time="0.046" /><testcase classname="tests.test_iteration3.TestInvoices" name="test_mark_paid_unknown_404" time="0.176" /><testcase classname="tests.test_iteration3.TestRepairCards" name="test_repair_unknown_404" time="0.244" /><testcase classname="tests.test_iteration3.TestRepairCards" name="test_repair_part_unknown_item_404" time="0.168" /><testcase classname="tests.test_iteration3.TestRepairCards" name="test_repair_list_status_filter" time="0.158" /><testcase classname="tests.test_iteration3.TestRepairCards" name="test_staff_can_manage_cards_but_not_delete" time="0.275" /></testsuite></testsuites>