<?xml version="1.0" encoding="utf-8"?><testsuites name="pytest tests"><testsuite name="pytest" errors="0" failures="2" skipped="1" tests="17" time="4.927" timestamp="2026-08-22T23:04:27.896855+00:00" hostname="agent-env-d223a1b7-fb80-439c-80cf-d4b06081fb37"><testcase classname="tests.test_iteration14.TestRepairCarCountry" name="test_list_repairs_includes_car_country" time="0.624" /><testcase classname="tests.test_iteration14.TestRepairCarCountry" name="test_no_mongo_id_leak" time="0.047" /><testcase classname="tests.test_iteration14.TestRepairCarCountry" name="test_create_preserves_non_nl_country" time="0.098" /><testcase classname="tests.test_iteration14.TestPartReturn" name="test_return_marks_part_and_excludes_from_total" time="0.429" /><testcase classname="tests.test_iteration14.TestPartReturn" name="test_unreturn_restores" time="0.370" /><testcase classname="tests.test_iteration14.TestPartReturn" name="test_unreturn_when_not_returned_400" time="0.191" /><testcase classname="tests.test_iteration14.TestPartReturn" name="test_return_unknown_txn_404" time="0.232" /><testcase classname="tests.test_iteration14.TestPartReturn" name="test_return_requires_auth" time="0.285" /><testcase classname="tests.test_iteration14.TestPartReturn" name="test_unreturn_insufficient_stock_400" time="0.400" /><testcase classname="tests.test_iteration14.TestRepairRegression" name="test_legacy_part_without_returned_field_counts_in_total" time="0.277" /><testcase classname="tests.test_iteration14.TestRepairRegression" name="test_remove_part_still_works" time="0.768" /><testcase classname="tests.test_iteration14.TestRepairRegression" name="test_remove_returned_part_does_not_double_restock" time="0.385"><failure message="AssertionError: double restock: qty went 59 -&gt; 61 after deleting an already-returned part (expected unchanged)&#10;assert 61 == 59">E   AssertionError: double restock: qty went 59 -&gt; 61 after deleting an already-returned part (expected unchanged)
    assert 61 == 59</failure></testcase><testcase classname="tests.test_iteration14.TestRepairRegression" name="test_get_and_list_still_ok" time="0.096" /><testcase classname="tests.test_iteration14.TestRepairRegression" name="test_transactions_endpoint_ok" time="0.543" /><testcase classname="tests.test_iteration14b.TestPlateCountryPayloads" name="test_dashboard_summary_open_cars_include_car_country" time="0.049"><failure message="AssertionError: GET /api/dashboard/summary open_cars omits car_country -&gt; Dashboard.jsx falls back to 'NL' and non-Dutch plates render as Dutch. Cards missing the field: ['JOB-260822-D9A1', 'JOB-260820-8729']&#10;assert not ['JOB-260822-D9A1', 'JOB-260820-8729']">E   AssertionError: GET /api/dashboard/summary open_cars omits car_country -&gt; Dashboard.jsx falls back to 'NL' and non-Dutch plates render as Dutch. Cards missing the field: ['JOB-260822-D9A1', 'JOB-260820-8729']
    assert not ['JOB-260822-D9A1', 'JOB-260820-8729']</failure></testcase><testcase classname="tests.test_iteration14b.TestPlateCountryPayloads" name="test_workboard_cards_include_car_country" time="0.047" /><testcase classname="tests.test_iteration14b.TestPlateCountryPayloads" name="test_bay_board_includes_car_country" time="0.050"><skipped type="pytest.skip" message="no /bays endpoint">/app/backend/tests/test_iteration14b.py:32: no /bays endpoint</skipped></testcase></testsuite></testsuites>