<?xml version="1.0" encoding="utf-8"?><testsuites name="pytest tests"><testsuite name="pytest" errors="0" failures="3" skipped="0" tests="32" time="9.824" timestamp="2026-08-20T21:02:20.301304+00:00" hostname="agent-env-d223a1b7-fb80-439c-80cf-d4b06081fb37"><testcase classname="tests.test_iteration10.TestCashMovements" name="test_create_mirror_list_delete" time="1.249" /><testcase classname="tests.test_iteration10.TestRepairPhotos" name="test_upload_list_download_delete" time="2.255" /><testcase classname="tests.test_iteration10.TestCashMovements" name="test_bad_direction_rejected" time="0.082" /><testcase classname="tests.test_iteration10.TestCashMovements" name="test_negative_amount_rejected" time="0.068" /><testcase classname="tests.test_iteration10.TestCashMovements" name="test_unknown_method_404" time="0.437" /><testcase classname="tests.test_iteration10.TestCashMovements" name="test_delete_missing_404" time="0.109" /><testcase classname="tests.test_iteration10.TestCashMovements" name="test_requires_auth" time="0.376" /><testcase classname="tests.test_iteration10.TestRepairPhotos" name="test_png_allowed" time="0.646" /><testcase classname="tests.test_iteration10.TestCashMovements" name="test_staff_can_read_and_create" time="1.057" /><testcase classname="tests.test_iteration10.TestRepairPhotos" name="test_pdf_rejected_400" time="0.271" /><testcase classname="tests.test_iteration10.TestRepairPhotos" name="test_oversized_rejected_413" time="0.890" /><testcase classname="tests.test_iteration10.TestExcelExports" name="test_inventory_excel" time="0.249" /><testcase classname="tests.test_iteration10.TestExcelExports" name="test_invoices_excel" time="0.087" /><testcase classname="tests.test_iteration10.TestExcelExports" name="test_profit_excel_two_sheets" time="0.089" /><testcase classname="tests.test_iteration10.TestExcelExports" name="test_cash_register_excel" time="0.089" /><testcase classname="tests.test_iteration10.TestExcelExports" name="test_excel_requires_auth" time="0.914" /><testcase classname="tests.test_iteration10.TestRepairPhotos" name="test_eleventh_photo_rejected_400" time="3.413" /><testcase classname="tests.test_iteration10.TestRepairTax" name="test_tax_21" time="0.228"><failure message="assert 0.0 == 21.0">E   assert 0.0 == 21.0</failure></testcase><testcase classname="tests.test_iteration10.TestRepairTax" name="test_tax_9" time="0.071"><failure message="assert 0.0 == 18.0">E   assert 0.0 == 18.0</failure></testcase><testcase classname="tests.test_iteration10.TestRepairTax" name="test_tax_zero" time="0.340"><failure message="assert 0.0 == 200.0">E   assert 0.0 == 200.0</failure></testcase><testcase classname="tests.test_iteration10.TestRegression" name="test_core_endpoints_ok" time="1.089" /><testcase classname="tests.test_iteration10.TestRegression" name="test_backup_collections_include_cash_movements" time="0.000" /><testcase classname="tests.test_iteration10.TestRegression" name="test_no_mongo_id_leak" time="0.371" /><testcase classname="tests.test_iteration10.TestDashboardV2" name="test_dashboard_summary_new_fields" time="0.077" /><testcase classname="tests.test_iteration10.TestDashboardV2" name="test_dashboard_requires_auth" time="0.342" /><testcase classname="tests.test_iteration10.TestCashRegisterManual" name="test_manual_totals_and_netflow" time="0.398" /><testcase classname="tests.test_iteration10.TestRepairPhotos" name="test_photo_routes_require_auth" time="0.526" /><testcase classname="tests.test_iteration10.TestCashRegisterManual" name="test_manual_out_reduces_netflow" time="0.428" /><testcase classname="tests.test_iteration10.TestRepairPhotos" name="test_photo_missing_card_404" time="0.106" /><testcase classname="tests.test_iteration10.TestSettingsTaxRate" name="test_persist_tax_rate" time="0.716" /><testcase classname="tests.test_iteration10.TestRepairPhotos" name="test_staff_can_upload_and_view" time="1.281" /><testcase classname="tests.test_iteration10.TestSettingsTaxRate" name="test_staff_cannot_update_settings" time="0.209" /></testsuite></testsuites>