<?xml version="1.0" encoding="utf-8"?><testsuites name="pytest tests"><testsuite name="pytest" errors="0" failures="1" skipped="0" tests="14" time="3.913" timestamp="2026-08-22T17:11:01.939164+00:00" hostname="agent-env-d223a1b7-fb80-439c-80cf-d4b06081fb37"><testcase classname="tests.test_iteration11.TestInvoiceEmail" name="test_email_no_recipient_400" time="0.951" /><testcase classname="tests.test_iteration11.TestRegression" name="test_invoices_list_no_mongo_id" time="0.904" /><testcase classname="tests.test_iteration11.TestRegression" name="test_appointment_conflicts" time="0.209" /><testcase classname="tests.test_iteration11.TestInvoiceEmail" name="test_email_invoice_not_found" time="0.110" /><testcase classname="tests.test_iteration11.TestRegression" name="test_overdue_reminders" time="0.070" /><testcase classname="tests.test_iteration11.TestInvoiceEmail" name="test_email_success" time="0.385" /><testcase classname="tests.test_iteration11.TestRegression" name="test_invoice_lifecycle_from_transactions" time="0.853" /><testcase classname="tests.test_iteration11.TestInvoiceEmail" name="test_email_metadata_exposed_on_list" time="0.066"><failure message="AssertionError: assert None == 'test@example.com'&#10; +  where None = &lt;built-in method get of dict object at 0xf8aec9de2740&gt;('last_emailed_to')&#10; +    where &lt;built-in method get of dict object at 0xf8aec9de2740&gt; = {'id': 'fc105670-6182-4148-aa42-cdc7394affc2', 'invoice_number': 'INV-260821-F798', 'customer_id': '7c5ccc6d-70c7-4cec-bbdd-d3daec1cb7bb', 'customer_name': 'Ahmed Al-Farsi', ...}.get">tests/test_iteration11.py:143: in test_email_metadata_exposed_on_list
    assert found.get("last_emailed_to") == "test@example.com"
E   AssertionError: assert None == 'test@example.com'
E    +  where None = &lt;built-in method get of dict object at 0xf8aec9de2740&gt;('last_emailed_to')
E    +    where &lt;built-in method get of dict object at 0xf8aec9de2740&gt; = {'id': 'fc105670-6182-4148-aa42-cdc7394affc2', 'invoice_number': 'INV-260821-F798', 'customer_id': '7c5ccc6d-70c7-4cec-bbdd-d3daec1cb7bb', 'customer_name': 'Ahmed Al-Farsi', ...}.get</failure></testcase><testcase classname="tests.test_iteration11.TestInvoiceEmail" name="test_email_requires_auth" time="0.220" /><testcase classname="tests.test_iteration11.TestPublicLogoEndpoint" name="test_logo_upload_and_public_fetch" time="0.618" /><testcase classname="tests.test_iteration11.TestSettingsNewFields" name="test_get_settings_has_new_fields" time="0.107" /><testcase classname="tests.test_iteration11.TestSettingsNewFields" name="test_put_settings_roundtrip_new_fields" time="0.898" /><testcase classname="tests.test_iteration11.TestPublicLogoEndpoint" name="test_logo_invalid_path_404_not_401" time="0.686" /><testcase classname="tests.test_iteration11.TestSettingsNewFields" name="test_invalid_header_align_rejected" time="0.134" /></testsuite></testsuites>