<?xml version="1.0" encoding="utf-8"?><testsuites name="pytest tests"><testsuite name="pytest" errors="0" failures="0" skipped="0" tests="16" time="2.911" timestamp="2026-08-22T18:44:34.304749+00:00" hostname="agent-env-d223a1b7-fb80-439c-80cf-d4b06081fb37"><testcase classname="tests.test_iteration12.TestCsvImport" name="test_import_creates_customer_and_vehicles" time="0.835" /><testcase classname="tests.test_iteration12.TestScanDelivery" name="test_scan_matches_plate" time="0.773" /><testcase classname="tests.test_iteration12.TestScanDelivery" name="test_scan_no_match_returns_candidates" time="0.069" /><testcase classname="tests.test_iteration12.TestCsvImport" name="test_import_reuses_existing_customer" time="0.229" /><testcase classname="tests.test_iteration12.TestScanDelivery" name="test_scan_lowercase_plate" time="0.059" /><testcase classname="tests.test_iteration12.TestScanDelivery" name="test_scan_empty_code_400" time="0.050" /><testcase classname="tests.test_iteration12.TestScanDelivery" name="test_scan_requires_auth" time="0.128" /><testcase classname="tests.test_iteration12.TestCsvImport" name="test_import_empty_csv_400" time="0.099" /><testcase classname="tests.test_iteration12.TestScanDelivery" name="test_add_special_part_via_scan_flow" time="0.280" /><testcase classname="tests.test_iteration12.TestCsvImport" name="test_import_reports_bad_rows" time="0.119" /><testcase classname="tests.test_iteration12.TestCsvImport" name="test_import_requires_auth" time="0.139" /><testcase classname="tests.test_iteration12.TestBayBoard" name="test_bay_board_shape" time="0.054" /><testcase classname="tests.test_iteration12.TestBayBoard" name="test_bay_board_matches_repairs_open_count" time="0.161" /><testcase classname="tests.test_iteration12.TestSpecialPartsInRepairAndInvoice" name="test_seed_card_has_special_parts" time="0.116" /><testcase classname="tests.test_iteration12.TestSpecialPartsInRepairAndInvoice" name="test_invoice_from_repair_contains_special_part_line" time="0.974" /><testcase classname="tests.test_iteration12.TestBayBoard" name="test_bay_board_requires_auth" time="0.268" /></testsuite></testsuites>