<?xml version="1.0" encoding="utf-8"?><testsuites name="pytest tests"><testsuite name="pytest" errors="0" failures="0" skipped="0" tests="10" time="4.707" timestamp="2026-08-26T13:24:06.820528+00:00" hostname="agent-env-d223a1b7-fb80-439c-80cf-d4b06081fb37"><testcase classname="tests.test_iteration15.TestSuperAdminLogin" name="test_login_returns_token_and_clean_tenant" time="0.957" /><testcase classname="tests.test_iteration15.TestPurgeSafety" name="test_create_contaminate_purge_super_admin_survives" time="2.430" /><testcase classname="tests.test_iteration15.TestSuperAdminLogin" name="test_wrong_password_rejected" time="0.535" /><testcase classname="tests.test_iteration15.TestTenantsAccess" name="test_list_tenants" time="0.613" /><testcase classname="tests.test_iteration15.TestTenantsAccess" name="test_db_super_admins_have_null_tenant" time="0.008" /><testcase classname="tests.test_iteration15.TestPurgeSafety" name="test_tenants_access_after_purge" time="0.089" /><testcase classname="tests.test_iteration15.TestPurgeSafety" name="test_soft_delete_still_suspends" time="0.387" /><testcase classname="tests.test_iteration15.TestPurgeSafety" name="test_purge_unknown_tenant_404" time="0.085" /><testcase classname="tests.test_iteration15.TestPurgeSafety" name="test_purge_requires_super_admin" time="0.603" /><testcase classname="tests.test_iteration15.TestPurgeSafety" name="test_owner_login_regression" time="0.392" /></testsuite></testsuites>