<?xml version="1.0" encoding="utf-8"?><testsuites name="pytest tests"><testsuite name="pytest" errors="0" failures="0" skipped="1" tests="37" time="40.966" timestamp="2026-08-26T14:26:10.346325+00:00" hostname="agent-env-d223a1b7-fb80-439c-80cf-d4b06081fb37"><testcase classname="tests.test_iteration16_permissions.TestWarehouseOnlyStaff" name="test_inventory_view_allowed" time="0.682" /><testcase classname="tests.test_iteration16_permissions.TestOwnerBypass" name="test_owner_gets[/inventory]" time="0.818" /><testcase classname="tests.test_iteration16_permissions.TestWarehouseOnlyStaff" name="test_forbidden_gets[/repairs]" time="0.156" /><testcase classname="tests.test_iteration16_permissions.TestOwnerBypass" name="test_owner_gets[/repairs]" time="0.169" /><testcase classname="tests.test_iteration16_permissions.TestWarehouseOnlyStaff" name="test_forbidden_gets[/customers]" time="0.174" /><testcase classname="tests.test_iteration16_permissions.TestOwnerBypass" name="test_owner_gets[/customers]" time="0.164" /><testcase classname="tests.test_iteration16_permissions.TestWarehouseOnlyStaff" name="test_forbidden_gets[/invoices]" time="0.146" /><testcase classname="tests.test_iteration16_permissions.TestOwnerBypass" name="test_owner_gets[/invoices]" time="0.167" /><testcase classname="tests.test_iteration16_permissions.TestWarehouseOnlyStaff" name="test_forbidden_gets[/dashboard/summary]" time="0.148" /><testcase classname="tests.test_iteration16_permissions.TestWarehouseOnlyStaff" name="test_forbidden_gets[/suppliers]" time="0.152" /><testcase classname="tests.test_iteration16_permissions.TestOwnerBypass" name="test_owner_gets[/dashboard/summary]" time="0.172" /><testcase classname="tests.test_iteration16_permissions.TestWarehouseOnlyStaff" name="test_forbidden_gets[/appointments]" time="0.187" /><testcase classname="tests.test_iteration16_permissions.TestOwnerBypass" name="test_owner_gets[/suppliers]" time="0.155" /><testcase classname="tests.test_iteration16_permissions.TestOwnerBypass" name="test_owner_gets[/appointments]" time="0.218" /><testcase classname="tests.test_iteration16_permissions.TestWarehouseOnlyStaff" name="test_forbidden_gets[/ledger]" time="0.165" /><testcase classname="tests.test_iteration16_permissions.TestWarehouseOnlyStaff" name="test_forbidden_gets[/reports/profit]" time="0.162" /><testcase classname="tests.test_iteration16_permissions.TestOwnerBypass" name="test_owner_gets[/ledger]" time="0.198" /><testcase classname="tests.test_iteration16_permissions.TestWarehouseOnlyStaff" name="test_forbidden_gets[/reports/movement]" time="0.153" /><testcase classname="tests.test_iteration16_permissions.TestOwnerBypass" name="test_owner_gets[/reports/profit]" time="0.167" /><testcase classname="tests.test_iteration16_permissions.TestWarehouseOnlyStaff" name="test_forbidden_gets[/parts-catalog]" time="0.179" /><testcase classname="tests.test_iteration16_permissions.TestOwnerBypass" name="test_owner_gets[/reports/movement]" time="0.167" /><testcase classname="tests.test_iteration16_permissions.TestWarehouseOnlyStaff" name="test_forbidden_gets[/payment-methods]" time="0.178" /><testcase classname="tests.test_iteration16_permissions.TestOwnerBypass" name="test_owner_gets[/parts-catalog]" time="0.164" /><testcase classname="tests.test_iteration16_permissions.TestWarehouseOnlyStaff" name="test_forbidden_gets[/payment-entries]" time="0.144" /><testcase classname="tests.test_iteration16_permissions.TestOwnerBypass" name="test_owner_gets[/payment-methods]" time="0.181" /><testcase classname="tests.test_iteration16_permissions.TestWarehouseOnlyStaff" name="test_forbidden_gets[/bay-board]" time="0.143" /><testcase classname="tests.test_iteration16_permissions.TestOwnerBypass" name="test_owner_gets[/payment-entries]" time="0.181" /><testcase classname="tests.test_iteration16_permissions.TestWarehouseOnlyStaff" name="test_forbidden_writes" time="0.738" /><testcase classname="tests.test_iteration16_permissions.TestOwnerBypass" name="test_owner_gets[/bay-board]" time="0.155" /><testcase classname="tests.test_iteration16_permissions.TestPotentialLeaks" name="test_settings_accessible_to_any_user" time="0.860" /><testcase classname="tests.test_iteration16_permissions.TestSuperAdmin" name="test_tenants" time="0.617" /><testcase classname="tests.test_iteration16_permissions.TestPotentialLeaks" name="test_vehicle_passport_token_not_gated" time="0.456"><skipped type="pytest.skip" message="no vehicles">/app/backend/tests/test_iteration16_permissions.py:252: no vehicles</skipped></testcase><testcase classname="tests.test_iteration16_permissions.TestSuperAdmin" name="test_super_admin_impersonation_data_access" time="0.691" /><testcase classname="tests.test_iteration16_permissions.TestGranularInventoryStaff" name="test_view_edit_no_delete" time="1.485" /><testcase classname="tests.test_iteration16_permissions.TestGranularCustomerStaff" name="test_view_edit_no_delete" time="32.678" /><testcase classname="tests.test_iteration16_permissions.TestGranularRepairStaff" name="test_repairs_scopes" time="33.667" /><testcase classname="tests.test_iteration16_permissions.TestOwnerRegressionFlow" name="test_full_flow" time="3.010" /></testsuite></testsuites>