<?xml version="1.0" encoding="utf-8"?><testsuites name="pytest tests"><testsuite name="pytest" errors="0" failures="0" skipped="0" tests="21" time="9.768" timestamp="2026-08-26T14:25:51.856695+00:00" hostname="agent-env-d223a1b7-fb80-439c-80cf-d4b06081fb37"><testcase classname="tests.test_iteration17_permission_fixes.TestSuperAdminBypass" name="test_super_admin_direct_get[/inventory]" time="0.788" /><testcase classname="tests.test_iteration17_permission_fixes.TestRemindersGating" name="test_warehouse_forbidden" time="2.145" /><testcase classname="tests.test_iteration17_permission_fixes.TestSuperAdminBypass" name="test_super_admin_direct_get[/repairs]" time="0.172" /><testcase classname="tests.test_iteration17_permission_fixes.TestSuperAdminBypass" name="test_super_admin_direct_get[/customers]" time="0.141" /><testcase classname="tests.test_iteration17_permission_fixes.TestSuperAdminBypass" name="test_super_admin_direct_get[/invoices]" time="0.215" /><testcase classname="tests.test_iteration17_permission_fixes.TestSuperAdminBypass" name="test_super_admin_direct_get[/reminders]" time="0.178" /><testcase classname="tests.test_iteration17_permission_fixes.TestSuperAdminBypass" name="test_super_admin_direct_get[/email-logs]" time="0.203" /><testcase classname="tests.test_iteration17_permission_fixes.TestSuperAdminBypass" name="test_owner_direct_get[/inventory]" time="0.604" /><testcase classname="tests.test_iteration17_permission_fixes.TestSuperAdminBypass" name="test_owner_direct_get[/repairs]" time="0.311" /><testcase classname="tests.test_iteration17_permission_fixes.TestRemindersGating" name="test_reminders_view_only_staff" time="2.594" /><testcase classname="tests.test_iteration17_permission_fixes.TestSuperAdminBypass" name="test_owner_direct_get[/customers]" time="0.158" /><testcase classname="tests.test_iteration17_permission_fixes.TestSuperAdminBypass" name="test_owner_direct_get[/invoices]" time="0.258" /><testcase classname="tests.test_iteration17_permission_fixes.TestSuperAdminBypass" name="test_owner_direct_get[/reminders]" time="0.139" /><testcase classname="tests.test_iteration17_permission_fixes.TestSuperAdminBypass" name="test_owner_direct_get[/email-logs]" time="0.321" /><testcase classname="tests.test_iteration17_permission_fixes.TestPassportGating" name="test_warehouse_forbidden" time="1.362" /><testcase classname="tests.test_iteration17_permission_fixes.TestRemindersGating" name="test_reminders_view_send_staff" time="1.668" /><testcase classname="tests.test_iteration17_permission_fixes.TestPassportGating" name="test_customers_view_staff" time="1.414" /><testcase classname="tests.test_iteration17_permission_fixes.TestPassportGating" name="test_customers_edit_staff" time="2.139" /><testcase classname="tests.test_iteration17_permission_fixes.TestEmailLogsOwnerOnly" name="test_warehouse_forbidden" time="0.438" /><testcase classname="tests.test_iteration17_permission_fixes.TestEmailLogsOwnerOnly" name="test_inventory_staff_forbidden" time="1.286" /><testcase classname="tests.test_iteration17_permission_fixes.TestEmailLogsOwnerOnly" name="test_owner_allowed" time="1.178" /></testsuite></testsuites>