<?xml version="1.0" encoding="utf-8"?><testsuites name="pytest tests"><testsuite name="pytest" errors="0" failures="0" skipped="0" tests="81" time="16.957" timestamp="2026-08-20T10:45:32.566223+00:00" hostname="agent-env-d223a1b7-fb80-439c-80cf-d4b06081fb37"><testcase classname="tests.test_iteration6.TestClockInOut" name="test_clock_in_creates_running_log_and_status" time="1.162" /><testcase classname="tests.backend_test.TestRoleGuards" name="test_staff_cannot_update_inventory" time="1.137" /><testcase classname="tests.backend_test.TestRoleGuards" name="test_staff_cannot_delete_inventory" time="0.095" /><testcase classname="tests.test_iteration6.TestClockInOut" name="test_duplicate_clock_in_400" time="0.381" /><testcase classname="tests.backend_test.TestRoleGuards" name="test_staff_cannot_list_users" time="0.064" /><testcase classname="tests.backend_test.TestRoleGuards" name="test_staff_cannot_create_users" time="0.100" /><testcase classname="tests.backend_test.TestRoleGuards" name="test_staff_cannot_update_settings" time="0.095" /><testcase classname="tests.backend_test.TestRoleGuards" name="test_staff_cannot_import_csv" time="0.104" /><testcase classname="tests.backend_test.TestRoleGuards" name="test_staff_can_read_inventory" time="0.070" /><testcase classname="tests.test_iteration6.TestClockInOut" name="test_clock_out_computes_labor_and_total" time="3.425" /><testcase classname="tests.backend_test.TestRoleGuards" name="test_staff_can_read_settings" time="0.098" /><testcase classname="tests.backend_test.TestRoleGuards" name="test_staff_can_create_inventory" time="0.120" /><testcase classname="tests.backend_test.TestRoleGuards" name="test_staff_can_create_transaction" time="0.197" /><testcase classname="tests.test_iteration3.TestPurchaseOrders" name="test_suggest_returns_low_stock_groups" time="0.125" /><testcase classname="tests.test_iteration3.TestPurchaseOrders" name="test_po_lifecycle_draft_send_receive" time="0.773" /><testcase classname="tests.test_iteration3.TestPurchaseOrders" name="test_po_404_on_unknown" time="0.114" /><testcase classname="tests.test_iteration3.TestPurchaseOrders" name="test_po_validation_rejects_zero_qty" time="0.063" /><testcase classname="tests.test_iteration3.TestPurchaseOrders" name="test_staff_cannot_create_or_receive" time="0.284" /><testcase classname="tests.test_iteration3.TestPurchaseOrders" name="test_unauthenticated_blocked" time="0.165" /><testcase classname="tests.test_iteration3.TestProfitReport" name="test_profit_report_structure_and_math" time="0.177" /><testcase classname="tests.test_iteration3.TestProfitReport" name="test_profit_report_defaults_no_params" time="0.055" /><testcase classname="tests.test_iteration3.TestProfitReport" name="test_profit_report_empty_range" time="0.058" /><testcase classname="tests.test_iteration3.TestProfitReport" name="test_profit_report_bad_date_format" time="0.065" /><testcase classname="tests.test_iteration3.TestProfitReport" name="test_staff_can_view_profit" time="0.055" /><testcase classname="tests.test_iteration3.TestRepairCards" name="test_repair_full_lifecycle" time="1.340" /><testcase classname="tests.test_iteration6.TestClockInOut" name="test_clock_out_without_running_log_400" time="0.245" /><testcase classname="tests.test_iteration6.TestClockInOut" name="test_clock_in_unknown_card_404" time="0.215" /><testcase classname="tests.test_iteration3.TestRepairCards" name="test_repair_unknown_404" time="0.226" /><testcase classname="tests.test_iteration6.TestClockInOut" name="test_clock_in_requires_auth" time="0.406" /><testcase classname="tests.test_iteration3.TestRepairCards" name="test_repair_part_unknown_item_404" time="0.175" /><testcase classname="tests.test_iteration3.TestRepairCards" name="test_repair_list_status_filter" time="0.172" /><testcase classname="tests.test_iteration3.TestRepairCards" name="test_staff_can_manage_cards_but_not_delete" time="0.511" /><testcase classname="tests.test_iteration6.TestClockInOut" name="test_staff_can_clock" time="1.554" /><testcase classname="tests.backend_test.TestUsers" name="test_list_users_no_password_hash" time="0.054" /><testcase classname="tests.backend_test.TestUsers" name="test_create_login_delete_user" time="1.421" /><testcase classname="tests.backend_test.TestHealth" name="test_root" time="0.151" /><testcase classname="tests.backend_test.TestHealth" name="test_owner_login_role" time="0.328" /><testcase classname="tests.backend_test.TestHealth" name="test_bad_password" time="0.332" /><testcase classname="tests.backend_test.TestUsers" name="test_self_deletion_blocked" time="0.336" /><testcase classname="tests.backend_test.TestHealth" name="test_unauthenticated_inventory" time="0.129" /><testcase classname="tests.backend_test.TestUsers" name="test_short_password_rejected" time="0.058" /><testcase classname="tests.test_iteration4.TestProfitDateValidation" name="test_bad_dates_return_400[params0]" time="0.057" /><testcase classname="tests.backend_test.TestCsvImport" name="test_import_creates_and_reports_errors" time="0.177" /><testcase classname="tests.test_iteration4.TestProfitDateValidation" name="test_bad_dates_return_400[params1]" time="0.106" /><testcase classname="tests.test_iteration4.TestProfitDateValidation" name="test_bad_dates_return_400[params2]" time="0.055" /><testcase classname="tests.backend_test.TestCsvImport" name="test_import_updates_existing_sku" time="0.140" /><testcase classname="tests.test_iteration4.TestProfitDateValidation" name="test_valid_dates_still_200" time="0.056" /><testcase classname="tests.backend_test.TestCsvImport" name="test_import_rejects_non_csv" time="0.109" /><testcase classname="tests.backend_test.TestCsvImport" name="test_import_bad_numeric_row_goes_to_errors" time="0.265" /><testcase classname="tests.test_iteration6.TestSettingsLaborRate" name="test_get_settings_has_labor_rate" time="0.175" /><testcase classname="tests.test_iteration6.TestSettingsLaborRate" name="test_put_labor_rate_persists" time="0.313" /><testcase classname="tests.test_iteration6.TestSettingsLaborRate" name="test_staff_cannot_update_settings" time="0.157" /><testcase classname="tests.test_iteration6.TestManualTimeLogs" name="test_manual_entry_ok" time="0.397" /><testcase classname="tests.test_iteration6.TestSettingsLaborRate" name="test_no_mongo_id_leak" time="0.111" /><testcase classname="tests.backend_test.TestVehicleFilter" name="test_filter_matches_case_insensitive" time="0.176" /><testcase classname="tests.test_iteration6.TestManualTimeLogs" name="test_manual_entry_stop_before_start_400" time="0.241" /><testcase classname="tests.backend_test.TestVehicleFilter" name="test_filter_no_match_returns_empty" time="0.143" /><testcase classname="tests.backend_test.TestVehicleFilter" name="test_no_filter_returns_all" time="0.513" /><testcase classname="tests.test_iteration6.TestManualTimeLogs" name="test_manual_entry_equal_times_400" time="0.241" /><testcase classname="tests.test_iteration6.TestManualTimeLogs" name="test_manual_entry_bad_iso_400" time="0.469" /><testcase classname="tests.test_iteration5.TestPaymentMethodsList" name="test_defaults_seeded_with_balance" time="0.109" /><testcase classname="tests.test_iteration5.TestPaymentMethodsList" name="test_requires_auth" time="0.107" /><testcase classname="tests.test_iteration3.TestInvoices" name="test_invoice_from_transactions" time="0.800" /><testcase classname="tests.test_iteration5.TestPaymentMethodsList" name="test_summary_total_matches_sum" time="0.110" /><testcase classname="tests.test_iteration5.TestPaymentMethodCRUD" name="test_create_update_delete_and_rbac" time="1.258" /><testcase classname="tests.test_iteration3.TestInvoices" name="test_invoice_empty_txn_ids_400" time="0.103" /><testcase classname="tests.test_iteration3.TestInvoices" name="test_mark_paid_unknown_404" time="0.173" /><testcase classname="tests.test_iteration5.TestEntriesAndStatement" name="test_manual_entries_and_statement" time="0.573" /><testcase classname="tests.test_iteration5.TestEntriesAndStatement" name="test_entry_validation" time="0.236" /><testcase classname="tests.test_iteration5.TestPaymentMethodCRUD" name="test_update_unknown_id_404" time="0.107" /><testcase classname="tests.test_iteration5.TestPaymentMethodCRUD" name="test_invalid_type_rejected" time="0.066" /><testcase classname="tests.test_iteration5.TestEntriesAndStatement" name="test_statement_unknown_method_404" time="0.115" /><testcase classname="tests.test_iteration6.TestDeleteTimeLog" name="test_delete_recomputes_labor" time="0.561" /><testcase classname="tests.test_iteration5.TestInvoicePayment" name="test_mark_paid_logs_in_entry" time="1.488" /><testcase classname="tests.test_iteration6.TestDeleteTimeLog" name="test_delete_unknown_log_404" time="0.207" /><testcase classname="tests.test_iteration6.TestLaborOverride" name="test_manual_override_then_clock_out_overwrites" time="2.421" /><testcase classname="tests.test_iteration5.TestInvoicePayment" name="test_mark_paid_bad_method_404" time="0.345" /><testcase classname="tests.backend_test.TestSettings" name="test_get_and_update_settings" time="0.238" /><testcase classname="tests.test_iteration5.TestPOReceive" name="test_receive_logs_out_entry_and_updates_inventory" time="1.197" /><testcase classname="tests.test_iteration6.TestLaborOverride" name="test_delete_card_cleanup" time="0.479" /><testcase classname="tests.test_iteration4.TestRepairTotalsPersistence" name="test_labor_change_persists_grand_total_everywhere" time="0.816" /></testsuite></testsuites>