<?xml version="1.0" encoding="utf-8"?><testsuites name="pytest tests"><testsuite name="pytest" errors="0" failures="0" skipped="0" tests="26" time="4.697" timestamp="2026-08-20T09:09:33.151552+00:00" hostname="agent-env-d223a1b7-fb80-439c-80cf-d4b06081fb37"><testcase classname="tests.backend_test.TestHealth" name="test_root" time="0.147" /><testcase classname="tests.backend_test.TestHealth" name="test_owner_login_role" time="0.499" /><testcase classname="tests.backend_test.TestHealth" name="test_bad_password" time="0.495" /><testcase classname="tests.backend_test.TestHealth" name="test_unauthenticated_inventory" time="0.122" /><testcase classname="tests.backend_test.TestRoleGuards" name="test_staff_cannot_update_inventory" time="1.312" /><testcase classname="tests.backend_test.TestRoleGuards" name="test_staff_cannot_delete_inventory" time="0.065" /><testcase classname="tests.backend_test.TestRoleGuards" name="test_staff_cannot_list_users" time="0.239" /><testcase classname="tests.backend_test.TestRoleGuards" name="test_staff_cannot_create_users" time="0.101" /><testcase classname="tests.backend_test.TestUsers" name="test_list_users_no_password_hash" time="0.523" /><testcase classname="tests.backend_test.TestRoleGuards" name="test_staff_cannot_update_settings" time="0.100" /><testcase classname="tests.backend_test.TestUsers" name="test_create_login_delete_user" time="1.118" /><testcase classname="tests.backend_test.TestRoleGuards" name="test_staff_cannot_import_csv" time="0.061" /><testcase classname="tests.backend_test.TestRoleGuards" name="test_staff_can_read_inventory" time="0.065" /><testcase classname="tests.backend_test.TestRoleGuards" name="test_staff_can_read_settings" time="0.230" /><testcase classname="tests.backend_test.TestRoleGuards" name="test_staff_can_create_inventory" time="0.243" /><testcase classname="tests.backend_test.TestRoleGuards" name="test_staff_can_create_transaction" time="0.492" /><testcase classname="tests.backend_test.TestUsers" name="test_self_deletion_blocked" time="0.169" /><testcase classname="tests.backend_test.TestCsvImport" name="test_import_creates_and_reports_errors" time="0.205" /><testcase classname="tests.backend_test.TestUsers" name="test_short_password_rejected" time="0.108" /><testcase classname="tests.backend_test.TestCsvImport" name="test_import_updates_existing_sku" time="0.202" /><testcase classname="tests.backend_test.TestCsvImport" name="test_import_rejects_non_csv" time="0.083" /><testcase classname="tests.backend_test.TestVehicleFilter" name="test_filter_matches_case_insensitive" time="0.277" /><testcase classname="tests.backend_test.TestCsvImport" name="test_import_bad_numeric_row_goes_to_errors" time="0.421" /><testcase classname="tests.backend_test.TestVehicleFilter" name="test_filter_no_match_returns_empty" time="0.105" /><testcase classname="tests.backend_test.TestVehicleFilter" name="test_no_filter_returns_all" time="0.192" /><testcase classname="tests.backend_test.TestSettings" name="test_get_and_update_settings" time="0.332" /></testsuite></testsuites>